wandb: [wandb.login()] Loaded credentials for https://api.wandb.ai from WANDB_API_KEY.
wandb: W&B API key is configured. Use `wandb login --relogin` to force relogin
wandb: Tracking run with wandb version 0.27.0
wandb: Run data is saved locally in /workspace/senpai/target/wandb/run-20260529_031000-xovknq3s
wandb: Run `wandb offline` to turn off syncing.
wandb: Syncing run tanjiro/h210-baseline-h112-sanity
wandb: ⭐️ View project at https://wandb.ai/wandb-applied-ai-team/senpai-v1-drivaerml-ddp8
wandb: 🚀 View run at https://wandb.ai/wandb-applied-ai-team/senpai-v1-drivaerml-ddp8/runs/xovknq3s
Loading donor config: runs/h210/artifacts/h112/config.yaml
Model built: 17.41M params
Loading SWA checkpoint: runs/h210/artifacts/h112/checkpoint.pt
SWA members=None weights=None
Loading data from manifest=data/split_manifest.json root='/mnt/new-pvc/Processed/drivaerml_processed_rawcanon_20260511'
DrivAerML: train=87064 views/400 cases, val=7295 views/34 cases, test=11091 views/50 cases
full_val/val_surface loss=0.00472 abupt_axis_rel_l2_pct=6.1358 surface_p_mae=0.01092 volume_p_mae=7.03636 wall_shear_mae=0.05956 cases=34
  (480.9s)
wandb: updating run metadata
wandb: uploading output.log; uploading wandb-summary.json; uploading config.yaml
wandb: 
wandb: Run history:
wandb:                    full_val/val_surface/_seconds ▁
wandb:      full_val/val_surface/abupt_axis_mean_rel_l2 ▁
wandb:  full_val/val_surface/abupt_axis_mean_rel_l2_pct ▁
wandb:                       full_val/val_surface/cases ▁
wandb:                        full_val/val_surface/loss ▁
wandb:               full_val/val_surface/surface_cases ▁
wandb:                full_val/val_surface/surface_loss ▁
wandb:        full_val/val_surface/surface_pressure_mae ▁
wandb:     full_val/val_surface/surface_pressure_rel_l2 ▁
wandb: full_val/val_surface/surface_pressure_rel_l2_pct ▁
wandb:                                              +69 ...
wandb: 
wandb: Run summary:
wandb:                    full_val/val_surface/_seconds 480.85732
wandb:      full_val/val_surface/abupt_axis_mean_rel_l2 0.06136
wandb:  full_val/val_surface/abupt_axis_mean_rel_l2_pct 6.13577
wandb:                       full_val/val_surface/cases 34
wandb:                        full_val/val_surface/loss 0.00472
wandb:               full_val/val_surface/surface_cases 34
wandb:                full_val/val_surface/surface_loss 0.00581
wandb:        full_val/val_surface/surface_pressure_mae 0.01092
wandb:     full_val/val_surface/surface_pressure_rel_l2 0.04055
wandb: full_val/val_surface/surface_pressure_rel_l2_pct 4.05535
wandb:                                              +69 ...
wandb: 
wandb: 🚀 View run tanjiro/h210-baseline-h112-sanity at: https://wandb.ai/wandb-applied-ai-team/senpai-v1-drivaerml-ddp8/runs/xovknq3s
wandb: ⭐️ View project at: https://wandb.ai/wandb-applied-ai-team/senpai-v1-drivaerml-ddp8
wandb: Synced 6 W&B file(s), 0 media file(s), 0 artifact file(s) and 0 other file(s)
wandb: Find logs at: ./wandb/run-20260529_031000-xovknq3s/logs
test/test_surface loss=0.00421 abupt_axis_rel_l2_pct=5.8391 surface_p_mae=0.01059 volume_p_mae=6.86094 wall_shear_mae=0.05751 cases=50
  (730.1s)
Peak GPU memory: 9.89 GB
