wandb: [wandb.login()] Loaded credentials for https://api.wandb.ai from WANDB_API_KEY.
wandb: W&B API key is configured. Use `wandb login --relogin` to force relogin
wandb: setting up run r3d3g2l1
wandb: Tracking run with wandb version 0.27.0
wandb: Run data is saved locally in /workspace/senpai/target/wandb/run-20260529_031001-r3d3g2l1
wandb: Run `wandb offline` to turn off syncing.
wandb: Syncing run tanjiro/h210-swa3-baseline-h183
wandb: ⭐️ View project at https://wandb.ai/wandb-applied-ai-team/senpai-v1-drivaerml-ddp8
wandb: 🚀 View run at https://wandb.ai/wandb-applied-ai-team/senpai-v1-drivaerml-ddp8/runs/r3d3g2l1
Loading donor config: runs/h210/artifacts/h112/config.yaml
Model built: 17.41M params
Loading SWA checkpoint: runs/h210/swa/swa3_baseline_h183.pt
SWA members=['h112', 'h164e', 'h183'] weights={'h112': 1, 'h164e': 1, 'h183': 1}
Loading data from manifest=data/split_manifest.json root='/mnt/new-pvc/Processed/drivaerml_processed_rawcanon_20260511'
DrivAerML: train=87064 views/400 cases, val=7295 views/34 cases, test=11091 views/50 cases
full_val/val_surface loss=1.02059 abupt_axis_rel_l2_pct=89.5807 surface_p_mae=0.24571 volume_p_mae=181.91505 wall_shear_mae=0.92384 cases=34
  (481.8s)
wandb: updating run metadata
wandb: 
wandb: Run history:
wandb:                    full_val/val_surface/_seconds ▁
wandb:      full_val/val_surface/abupt_axis_mean_rel_l2 ▁
wandb:  full_val/val_surface/abupt_axis_mean_rel_l2_pct ▁
wandb:                       full_val/val_surface/cases ▁
wandb:                        full_val/val_surface/loss ▁
wandb:               full_val/val_surface/surface_cases ▁
wandb:                full_val/val_surface/surface_loss ▁
wandb:        full_val/val_surface/surface_pressure_mae ▁
wandb:     full_val/val_surface/surface_pressure_rel_l2 ▁
wandb: full_val/val_surface/surface_pressure_rel_l2_pct ▁
wandb:                                              +69 ...
wandb: 
wandb: Run summary:
wandb:                    full_val/val_surface/_seconds 481.79905
wandb:      full_val/val_surface/abupt_axis_mean_rel_l2 0.89581
wandb:  full_val/val_surface/abupt_axis_mean_rel_l2_pct 89.5807
wandb:                       full_val/val_surface/cases 34
wandb:                        full_val/val_surface/loss 1.02059
wandb:               full_val/val_surface/surface_cases 34
wandb:                full_val/val_surface/surface_loss 1.03195
wandb:        full_val/val_surface/surface_pressure_mae 0.24571
wandb:     full_val/val_surface/surface_pressure_rel_l2 0.7752
wandb: full_val/val_surface/surface_pressure_rel_l2_pct 77.51983
wandb:                                              +69 ...
wandb: 
wandb: 🚀 View run tanjiro/h210-swa3-baseline-h183 at: https://wandb.ai/wandb-applied-ai-team/senpai-v1-drivaerml-ddp8/runs/r3d3g2l1
wandb: ⭐️ View project at: https://wandb.ai/wandb-applied-ai-team/senpai-v1-drivaerml-ddp8
wandb: Synced 6 W&B file(s), 0 media file(s), 0 artifact file(s) and 0 other file(s)
wandb: Find logs at: ./wandb/run-20260529_031001-r3d3g2l1/logs
test/test_surface loss=1.03029 abupt_axis_rel_l2_pct=89.7735 surface_p_mae=0.24811 volume_p_mae=182.97979 wall_shear_mae=0.91818 cases=50
  (730.4s)
Peak GPU memory: 9.89 GB
