wandb: [wandb.login()] Loaded credentials for https://api.wandb.ai from WANDB_API_KEY.
wandb: W&B API key is configured. Use `wandb login --relogin` to force relogin
wandb: setting up run 1utf07yl
wandb: Tracking run with wandb version 0.27.0
wandb: Run data is saved locally in /workspace/senpai/target/wandb/run-20260529_031001-1utf07yl
wandb: Run `wandb offline` to turn off syncing.
wandb: Syncing run tanjiro/h210-swa5-all
wandb: ⭐️ View project at https://wandb.ai/wandb-applied-ai-team/senpai-v1-drivaerml-ddp8
wandb: 🚀 View run at https://wandb.ai/wandb-applied-ai-team/senpai-v1-drivaerml-ddp8/runs/1utf07yl
Loading donor config: runs/h210/artifacts/h112/config.yaml
Model built: 17.41M params
Loading SWA checkpoint: runs/h210/swa/swa5_all.pt
SWA members=['h112', 'h164e', 'h183', 'h185', 'h190'] weights={'h112': 1, 'h164e': 1, 'h183': 1, 'h185': 1, 'h190': 1}
Loading data from manifest=data/split_manifest.json root='/mnt/new-pvc/Processed/drivaerml_processed_rawcanon_20260511'
DrivAerML: train=87064 views/400 cases, val=7295 views/34 cases, test=11091 views/50 cases
full_val/val_surface loss=0.99091 abupt_axis_rel_l2_pct=88.0958 surface_p_mae=0.22548 volume_p_mae=179.64656 wall_shear_mae=0.92923 cases=34
  (480.9s)
wandb: updating run metadata
wandb: uploading history steps 0-0, summary, console lines 2-4
wandb: 
wandb: Run history:
wandb:                    full_val/val_surface/_seconds ▁
wandb:      full_val/val_surface/abupt_axis_mean_rel_l2 ▁
wandb:  full_val/val_surface/abupt_axis_mean_rel_l2_pct ▁
wandb:                       full_val/val_surface/cases ▁
wandb:                        full_val/val_surface/loss ▁
wandb:               full_val/val_surface/surface_cases ▁
wandb:                full_val/val_surface/surface_loss ▁
wandb:        full_val/val_surface/surface_pressure_mae ▁
wandb:     full_val/val_surface/surface_pressure_rel_l2 ▁
wandb: full_val/val_surface/surface_pressure_rel_l2_pct ▁
wandb:                                              +69 ...
wandb: 
wandb: Run summary:
wandb:                    full_val/val_surface/_seconds 480.91514
wandb:      full_val/val_surface/abupt_axis_mean_rel_l2 0.88096
wandb:  full_val/val_surface/abupt_axis_mean_rel_l2_pct 88.09576
wandb:                       full_val/val_surface/cases 34
wandb:                        full_val/val_surface/loss 0.99091
wandb:               full_val/val_surface/surface_cases 34
wandb:                full_val/val_surface/surface_loss 0.9849
wandb:        full_val/val_surface/surface_pressure_mae 0.22548
wandb:     full_val/val_surface/surface_pressure_rel_l2 0.74312
wandb: full_val/val_surface/surface_pressure_rel_l2_pct 74.3117
wandb:                                              +69 ...
wandb: 
wandb: 🚀 View run tanjiro/h210-swa5-all at: https://wandb.ai/wandb-applied-ai-team/senpai-v1-drivaerml-ddp8/runs/1utf07yl
wandb: ⭐️ View project at: https://wandb.ai/wandb-applied-ai-team/senpai-v1-drivaerml-ddp8
wandb: Synced 6 W&B file(s), 0 media file(s), 0 artifact file(s) and 0 other file(s)
wandb: Find logs at: ./wandb/run-20260529_031001-1utf07yl/logs
test/test_surface loss=1.00223 abupt_axis_rel_l2_pct=88.3545 surface_p_mae=0.22932 volume_p_mae=180.41205 wall_shear_mae=0.92759 cases=50
  (729.6s)
Peak GPU memory: 9.89 GB
