W0526 12:31:09.715000 2873786 torch/distributed/run.py:851] 
W0526 12:31:09.715000 2873786 torch/distributed/run.py:851] *****************************************
W0526 12:31:09.715000 2873786 torch/distributed/run.py:851] Setting OMP_NUM_THREADS environment variable for each process to be 1 in default, to avoid your system being overloaded, please further tune the variable for optimal performance in your application as needed. 
W0526 12:31:09.715000 2873786 torch/distributed/run.py:851] *****************************************
usage: train.py [-h] [--lr LR] [--weight-decay WEIGHT_DECAY]
                [--batch-size BATCH_SIZE] [--epochs EPOCHS]
                [--train-surface-points TRAIN_SURFACE_POINTS]
                [--eval-surface-points EVAL_SURFACE_POINTS]
                [--train-volume-points TRAIN_VOLUME_POINTS]
                [--eval-volume-points EVAL_VOLUME_POINTS]
                [--validation-every VALIDATION_EVERY]
                [--surface-loss-weight SURFACE_LOSS_WEIGHT]
                [--volume-loss-weight VOLUME_LOSS_WEIGHT]
                [--manifest MANIFEST] [--data-root DATA_ROOT]
                [--output-dir OUTPUT_DIR] [--wandb-group WANDB_GROUP]
                [--wandb-name WANDB_NAME] [--agent AGENT]
                [--model-layers MODEL_LAYERS]
                [--model-hidden-dim MODEL_HIDDEN_DIM]
                [--model-heads MODEL_HEADS]
                [--model-mlp-ratio MODEL_MLP_RATIO]
                [--model-slices MODEL_SLICES] [--model-dropout MODEL_DROPOUT]
                [--rff-num-features RFF_NUM_FEATURES] [--rff-sigma RFF_SIGMA]
                [--rff-init-sigmas RFF_INIT_SIGMAS]
                [--pos-encoding-mode POS_ENCODING_MODE] [--use-qk-norm]
                [--no-use-qk-norm] [--use-surf-to-vol-xattn]
                [--no-use-surf-to-vol-xattn] [--drop-path-max DROP_PATH_MAX]
                [--tau-y-loss-weight TAU_Y_LOSS_WEIGHT]
                [--tau-z-loss-weight TAU_Z_LOSS_WEIGHT] [--amp-mode AMP_MODE]
                [--num-workers NUM_WORKERS] [--pin-memory] [--no-pin-memory]
                [--persistent-workers] [--no-persistent-workers]
                [--prefetch-factor PREFETCH_FACTOR] [--use-ema] [--no-use-ema]
                [--ema-decay EMA_DECAY] [--ema-start-step EMA_START_STEP]
                [--eval-raw-vs-ema] [--no-eval-raw-vs-ema]
                [--lr-warmup-epochs LR_WARMUP_EPOCHS]
                [--lr-cosine-t-max LR_COSINE_T_MAX]
                [--lr-cosine-t-mult LR_COSINE_T_MULT] [--lr-min LR_MIN]
                [--grad-clip-norm GRAD_CLIP_NORM]
                [--gradient-log-every GRADIENT_LOG_EVERY]
                [--log-gradient-histograms] [--no-log-gradient-histograms]
                [--weight-log-every WEIGHT_LOG_EVERY]
                [--log-weight-histograms] [--no-log-weight-histograms]
                [--ddp-log-model-telemetry-all-ranks]
                [--no-ddp-log-model-telemetry-all-ranks]
                [--slope-log-fraction SLOPE_LOG_FRACTION]
                [--kill-thresholds KILL_THRESHOLDS] [--compile-model]
                [--no-compile-model] [--optimizer OPTIMIZER]
                [--lion-beta1 LION_BETA1] [--lion-beta2 LION_BETA2]
                [--vol-points-schedule VOL_POINTS_SCHEDULE] [--use-gradnorm]
                [--no-use-gradnorm] [--gradnorm-mode GRADNORM_MODE]
                [--gradnorm-alpha GRADNORM_ALPHA] [--gradnorm-lr GRADNORM_LR]
                [--gradnorm-init-warmup-steps GRADNORM_INIT_WARMUP_STEPS]
                [--gradnorm-log-clip GRADNORM_LOG_CLIP]
                [--gradnorm-ema-beta GRADNORM_EMA_BETA]
                [--gradnorm-min-weight GRADNORM_MIN_WEIGHT] [--debug]
                [--no-debug]
train.py: error: unrecognized arguments: --save-best-checkpoint
W0526 12:31:13.300000 2873786 torch/distributed/elastic/multiprocessing/api.py:1012] Sending process 2873854 closing signal SIGTERM
W0526 12:31:13.301000 2873786 torch/distributed/elastic/multiprocessing/api.py:1012] Sending process 2873855 closing signal SIGTERM
W0526 12:31:13.301000 2873786 torch/distributed/elastic/multiprocessing/api.py:1012] Sending process 2873856 closing signal SIGTERM
W0526 12:31:13.301000 2873786 torch/distributed/elastic/multiprocessing/api.py:1012] Sending process 2873857 closing signal SIGTERM
W0526 12:31:13.301000 2873786 torch/distributed/elastic/multiprocessing/api.py:1012] Sending process 2873858 closing signal SIGTERM
W0526 12:31:13.301000 2873786 torch/distributed/elastic/multiprocessing/api.py:1012] Sending process 2873859 closing signal SIGTERM
W0526 12:31:13.301000 2873786 torch/distributed/elastic/multiprocessing/api.py:1012] Sending process 2873860 closing signal SIGTERM
E0526 12:31:13.665000 2873786 torch/distributed/elastic/multiprocessing/api.py:986] failed (exitcode: 2) local_rank: 7 (pid: 2873861) of binary: /usr/bin/python3
Traceback (most recent call last):
  File "/usr/local/bin/torchrun", line 6, in <module>
    sys.exit(main())
  File "/usr/local/lib/python3.10/dist-packages/torch/distributed/elastic/multiprocessing/errors/__init__.py", line 362, in wrapper
    return f(*args, **kwargs)
  File "/usr/local/lib/python3.10/dist-packages/torch/distributed/run.py", line 990, in main
    run(args)
  File "/usr/local/lib/python3.10/dist-packages/torch/distributed/run.py", line 981, in run
    elastic_launch(
  File "/usr/local/lib/python3.10/dist-packages/torch/distributed/launcher/api.py", line 170, in __call__
    return launch_agent(self._config, self._entrypoint, list(args))
  File "/usr/local/lib/python3.10/dist-packages/torch/distributed/launcher/api.py", line 317, in launch_agent
    raise ChildFailedError(
torch.distributed.elastic.multiprocessing.errors.ChildFailedError: 
============================================================
train.py FAILED
------------------------------------------------------------
Failures:
[1]:
  time      : 2026-05-26_12:31:13
  host      : senpai-drivaerml-ddp8-nezuko-b48cbfcd5-f9r2f
  rank      : 0 (local_rank: 0)
  exitcode  : -15 (pid: 2873854)
  error_file: <N/A>
  traceback : Signal 15 (SIGTERM) received by PID 2873854
[2]:
  time      : 2026-05-26_12:31:13
  host      : senpai-drivaerml-ddp8-nezuko-b48cbfcd5-f9r2f
  rank      : 1 (local_rank: 1)
  exitcode  : -15 (pid: 2873855)
  error_file: <N/A>
  traceback : Signal 15 (SIGTERM) received by PID 2873855
[3]:
  time      : 2026-05-26_12:31:13
  host      : senpai-drivaerml-ddp8-nezuko-b48cbfcd5-f9r2f
  rank      : 2 (local_rank: 2)
  exitcode  : -15 (pid: 2873856)
  error_file: <N/A>
  traceback : Signal 15 (SIGTERM) received by PID 2873856
[4]:
  time      : 2026-05-26_12:31:13
  host      : senpai-drivaerml-ddp8-nezuko-b48cbfcd5-f9r2f
  rank      : 3 (local_rank: 3)
  exitcode  : -15 (pid: 2873857)
  error_file: <N/A>
  traceback : Signal 15 (SIGTERM) received by PID 2873857
[5]:
  time      : 2026-05-26_12:31:13
  host      : senpai-drivaerml-ddp8-nezuko-b48cbfcd5-f9r2f
  rank      : 4 (local_rank: 4)
  exitcode  : -15 (pid: 2873858)
  error_file: <N/A>
  traceback : Signal 15 (SIGTERM) received by PID 2873858
[6]:
  time      : 2026-05-26_12:31:13
  host      : senpai-drivaerml-ddp8-nezuko-b48cbfcd5-f9r2f
  rank      : 5 (local_rank: 5)
  exitcode  : -15 (pid: 2873859)
  error_file: <N/A>
  traceback : Signal 15 (SIGTERM) received by PID 2873859
[7]:
  time      : 2026-05-26_12:31:13
  host      : senpai-drivaerml-ddp8-nezuko-b48cbfcd5-f9r2f
  rank      : 6 (local_rank: 6)
  exitcode  : -15 (pid: 2873860)
  error_file: <N/A>
  traceback : Signal 15 (SIGTERM) received by PID 2873860
------------------------------------------------------------
Root Cause (first observed failure):
[0]:
  time      : 2026-05-26_12:31:13
  host      : senpai-drivaerml-ddp8-nezuko-b48cbfcd5-f9r2f
  rank      : 7 (local_rank: 7)
  exitcode  : 2 (pid: 2873861)
  error_file: <N/A>
  traceback : To enable traceback see: https://pytorch.org/docs/stable/elastic/errors.html
============================================================
