W0528 10:42:03.330000 2192 torch/distributed/run.py:862] 
W0528 10:42:03.330000 2192 torch/distributed/run.py:862] *****************************************
W0528 10:42:03.330000 2192 torch/distributed/run.py:862] Setting OMP_NUM_THREADS environment variable for each process to be 1 in default, to avoid your system being overloaded, please further tune the variable for optimal performance in your application as needed. 
W0528 10:42:03.330000 2192 torch/distributed/run.py:862] *****************************************
Device: cuda:0, DDP world_size=8
Volume-points curriculum: ep0->16384, ep3->32768, ep6->49152, ep9->65536
DrivAerML: train=347657 views/400 cases, val=7295 views/34 cases, test=11091 views/50 casesDrivAerML: train=347657 views/400 cases, val=7295 views/34 cases, test=11091 views/50 casesDrivAerML: train=347657 views/400 cases, val=7295 views/34 cases, test=11091 views/50 casesDrivAerML: train=347657 views/400 cases, val=7295 views/34 cases, test=11091 views/50 casesDrivAerML: train=347657 views/400 cases, val=7295 views/34 cases, test=11091 views/50 casesDrivAerML: train=347657 views/400 cases, val=7295 views/34 cases, test=11091 views/50 casesDrivAerML: train=347657 views/400 cases, val=7295 views/34 cases, test=11091 views/50 casesDrivAerML: train=347657 views/400 cases, val=7295 views/34 cases, test=11091 views/50 cases







Model: SurfaceTransolver grouped surface+volume (17.41M params)
[rank3]: Traceback (most recent call last):
[rank3]:   File "/workspace/senpai/target/train.py", line 1399, in <module>
[rank3]:     main()
[rank3]:   File "/workspace/senpai/target/train.py", line 793, in main
[rank3]:     optimizer = build_optimizer(base_model, config)
[rank3]:   File "/workspace/senpai/target/train.py", line 264, in build_optimizer
[rank3]:     from lion_pytorch import Lion
[rank3]: ModuleNotFoundError: No module named 'lion_pytorch'
[rank7]: Traceback (most recent call last):
[rank7]:   File "/workspace/senpai/target/train.py", line 1399, in <module>
[rank7]:     main()
[rank7]:   File "/workspace/senpai/target/train.py", line 793, in main
[rank7]:     optimizer = build_optimizer(base_model, config)
[rank7]:   File "/workspace/senpai/target/train.py", line 264, in build_optimizer
[rank7]:     from lion_pytorch import Lion
[rank7]: ModuleNotFoundError: No module named 'lion_pytorch'
[rank4]: Traceback (most recent call last):
[rank4]:   File "/workspace/senpai/target/train.py", line 1399, in <module>
[rank4]:     main()
[rank4]:   File "/workspace/senpai/target/train.py", line 793, in main
[rank4]:     optimizer = build_optimizer(base_model, config)
[rank4]:   File "/workspace/senpai/target/train.py", line 264, in build_optimizer
[rank4]:     from lion_pytorch import Lion
[rank4]: ModuleNotFoundError: No module named 'lion_pytorch'
[rank5]: Traceback (most recent call last):
[rank5]:   File "/workspace/senpai/target/train.py", line 1399, in <module>
[rank5]:     main()
[rank5]:   File "/workspace/senpai/target/train.py", line 793, in main
[rank5]:     optimizer = build_optimizer(base_model, config)
[rank5]:   File "/workspace/senpai/target/train.py", line 264, in build_optimizer
[rank5]:     from lion_pytorch import Lion
[rank5]: ModuleNotFoundError: No module named 'lion_pytorch'
[rank1]: Traceback (most recent call last):
[rank1]:   File "/workspace/senpai/target/train.py", line 1399, in <module>
[rank1]:     main()
[rank1]:   File "/workspace/senpai/target/train.py", line 793, in main
[rank1]:     optimizer = build_optimizer(base_model, config)
[rank1]:   File "/workspace/senpai/target/train.py", line 264, in build_optimizer
[rank1]:     from lion_pytorch import Lion
[rank1]: ModuleNotFoundError: No module named 'lion_pytorch'
[rank0]: Traceback (most recent call last):
[rank0]:   File "/workspace/senpai/target/train.py", line 1399, in <module>
[rank0]:     main()
[rank0]:   File "/workspace/senpai/target/train.py", line 793, in main
[rank0]:     optimizer = build_optimizer(base_model, config)
[rank0]:   File "/workspace/senpai/target/train.py", line 264, in build_optimizer
[rank0]:     from lion_pytorch import Lion
[rank0]: ModuleNotFoundError: No module named 'lion_pytorch'
[rank2]: Traceback (most recent call last):
[rank2]:   File "/workspace/senpai/target/train.py", line 1399, in <module>
[rank2]:     main()
[rank2]:   File "/workspace/senpai/target/train.py", line 793, in main
[rank2]:     optimizer = build_optimizer(base_model, config)
[rank2]:   File "/workspace/senpai/target/train.py", line 264, in build_optimizer
[rank2]:     from lion_pytorch import Lion
[rank2]: ModuleNotFoundError: No module named 'lion_pytorch'
[rank6]: Traceback (most recent call last):
[rank6]:   File "/workspace/senpai/target/train.py", line 1399, in <module>
[rank6]:     main()
[rank6]:   File "/workspace/senpai/target/train.py", line 793, in main
[rank6]:     optimizer = build_optimizer(base_model, config)
[rank6]:   File "/workspace/senpai/target/train.py", line 264, in build_optimizer
[rank6]:     from lion_pytorch import Lion
[rank6]: ModuleNotFoundError: No module named 'lion_pytorch'
W0528 10:42:16.546000 2192 torch/distributed/elastic/multiprocessing/api.py:1014] Sending process 2262 closing signal SIGTERM
W0528 10:42:16.547000 2192 torch/distributed/elastic/multiprocessing/api.py:1014] Sending process 2263 closing signal SIGTERM
W0528 10:42:16.547000 2192 torch/distributed/elastic/multiprocessing/api.py:1014] Sending process 2264 closing signal SIGTERM
W0528 10:42:16.547000 2192 torch/distributed/elastic/multiprocessing/api.py:1014] Sending process 2265 closing signal SIGTERM
W0528 10:42:16.547000 2192 torch/distributed/elastic/multiprocessing/api.py:1014] Sending process 2267 closing signal SIGTERM
W0528 10:42:16.547000 2192 torch/distributed/elastic/multiprocessing/api.py:1014] Sending process 2268 closing signal SIGTERM
W0528 10:42:16.547000 2192 torch/distributed/elastic/multiprocessing/api.py:1014] Sending process 2269 closing signal SIGTERM
E0528 10:42:17.075000 2192 torch/distributed/elastic/multiprocessing/api.py:988] failed (exitcode: 1) local_rank: 4 (pid: 2266) of binary: /usr/bin/python
Traceback (most recent call last):
  File "/usr/local/bin/torchrun", line 10, in <module>
    sys.exit(main())
  File "/usr/local/lib/python3.10/dist-packages/torch/distributed/elastic/multiprocessing/errors/__init__.py", line 367, in wrapper
    return f(*args, **kwargs)
  File "/usr/local/lib/python3.10/dist-packages/torch/distributed/run.py", line 1016, in main
    run(args)
  File "/usr/local/lib/python3.10/dist-packages/torch/distributed/run.py", line 1007, in run
    elastic_launch(
  File "/usr/local/lib/python3.10/dist-packages/torch/distributed/launcher/api.py", line 191, in __call__
    return launch_agent(self._config, self._entrypoint, list(args))
  File "/usr/local/lib/python3.10/dist-packages/torch/distributed/launcher/api.py", line 371, in launch_agent
    raise ChildFailedError(
torch.distributed.elastic.multiprocessing.errors.ChildFailedError: 
============================================================
train.py FAILED
------------------------------------------------------------
Failures:
[1]:
  time      : 2026-05-28_10:42:17
  host      : senpai-drivaerml-ddp8-frieren-5d4d85f6ff-6sslg
  rank      : 0 (local_rank: 0)
  exitcode  : -15 (pid: 2262)  (SIGTERM)
  error_file: <N/A>
  traceback : Signal 15 (SIGTERM) received by PID 2262
[2]:
  time      : 2026-05-28_10:42:17
  host      : senpai-drivaerml-ddp8-frieren-5d4d85f6ff-6sslg
  rank      : 1 (local_rank: 1)
  exitcode  : 1 (pid: 2263) 
  error_file: <N/A>
  traceback : To enable traceback see: https://pytorch.org/docs/stable/elastic/errors.html
[3]:
  time      : 2026-05-28_10:42:17
  host      : senpai-drivaerml-ddp8-frieren-5d4d85f6ff-6sslg
  rank      : 2 (local_rank: 2)
  exitcode  : 1 (pid: 2264) 
  error_file: <N/A>
  traceback : To enable traceback see: https://pytorch.org/docs/stable/elastic/errors.html
[4]:
  time      : 2026-05-28_10:42:17
  host      : senpai-drivaerml-ddp8-frieren-5d4d85f6ff-6sslg
  rank      : 3 (local_rank: 3)
  exitcode  : 1 (pid: 2265) 
  error_file: <N/A>
  traceback : To enable traceback see: https://pytorch.org/docs/stable/elastic/errors.html
[5]:
  time      : 2026-05-28_10:42:17
  host      : senpai-drivaerml-ddp8-frieren-5d4d85f6ff-6sslg
  rank      : 5 (local_rank: 5)
  exitcode  : 1 (pid: 2267) 
  error_file: <N/A>
  traceback : To enable traceback see: https://pytorch.org/docs/stable/elastic/errors.html
[6]:
  time      : 2026-05-28_10:42:17
  host      : senpai-drivaerml-ddp8-frieren-5d4d85f6ff-6sslg
  rank      : 6 (local_rank: 6)
  exitcode  : 1 (pid: 2268) 
  error_file: <N/A>
  traceback : To enable traceback see: https://pytorch.org/docs/stable/elastic/errors.html
[7]:
  time      : 2026-05-28_10:42:17
  host      : senpai-drivaerml-ddp8-frieren-5d4d85f6ff-6sslg
  rank      : 7 (local_rank: 7)
  exitcode  : 1 (pid: 2269) 
  error_file: <N/A>
  traceback : To enable traceback see: https://pytorch.org/docs/stable/elastic/errors.html
------------------------------------------------------------
Root Cause (first observed failure):
[0]:
  time      : 2026-05-28_10:42:16
  host      : senpai-drivaerml-ddp8-frieren-5d4d85f6ff-6sslg
  rank      : 4 (local_rank: 4)
  exitcode  : 1 (pid: 2266) 
  error_file: <N/A>
  traceback : To enable traceback see: https://pytorch.org/docs/stable/elastic/errors.html
============================================================
